[19 Sep, 2024 - 18:54:27:5427] [31merror[39m: [31mInvalid data[39m
[19 Sep, 2024 - 18:54:53:5453] [31merror[39m: [31mInvalid data[39m
[19 Sep, 2024 - 18:55:06:556] [31merror[39m: [31m[39m
[31mInvalid `prismaClient.user.create()` invocation in[39m
[31mC:\Users\Tarun\Desktop\muta-engine\src\controllers\user.controllers.ts:78:40[39m

[31m  75 [39m
[31m  76 const hashedPassword = await hashPassword(password);[39m
[31m  77 [39m
[31m→ 78 const user = await prismaClient.user.create({[39m
[31m       data: {[39m
[31m         email: "tarunsharmakavipurapu@gmail.com",[39m
[31m         password: "$2b$10$JZf3dZcM5.ObHV/NeBvy7uYNOWv1puWFT6uZnVO6Z2PtDD2MVeF9.",[39m
[31m     +   name: String[39m
[31m       },[39m
[31m       select: {[39m
[31m         id: true,[39m
[31m         email: true,[39m
[31m         name: true,[39m
[31m         googleId: true,[39m
[31m         createdAt: true,[39m
[31m         updatedAt: true[39m
[31m       }[39m
[31m     })[39m

[31mArgument `name` is missing.[39m
[19 Sep, 2024 - 18:58:10:5810] [31merror[39m: [31mDatabase Error[39m
[19 Sep, 2024 - 18:59:46:5946] [31merror[39m: [31mInvalid data[39m
[19 Sep, 2024 - 19:00:08:08] [31merror[39m: [31mInvalid data[39m
[19 Sep, 2024 - 19:00:28:028] [31merror[39m: [31mInvalid data[39m
[19 Sep, 2024 - 19:01:33:133] [31merror[39m: [31mExpected double-quoted property name in JSON at position 112 (line 5 column 1)[39m
[19 Sep, 2024 - 19:02:13:213] [31merror[39m: [31mUser with email or username already exists[39m
[19 Sep, 2024 - 19:05:58:558] [31merror[39m: [31mUser with email or username already exists[39m
[19 Sep, 2024 - 19:06:03:63] [31merror[39m: [31mUser with email or username already exists[39m
[19 Sep, 2024 - 19:09:32:932] [31merror[39m: [31mUser with email or username already exists[39m
[19 Sep, 2024 - 21:05:58:558] [31merror[39m: [31mInvalid data[39m
[19 Sep, 2024 - 22:13:28:1328] [31merror[39m: [31mUnauthorized request[39m
[19 Sep, 2024 - 22:15:03:153] [31merror[39m: [31mUnauthorized request[39m
[19 Sep, 2024 - 22:18:52:1852] [31merror[39m: [31mUnauthorized request[39m
[19 Sep, 2024 - 22:19:27:1927] [31merror[39m: [31mUnauthorized request[39m
[19 Sep, 2024 - 22:20:15:2015] [31merror[39m: [31mUnauthorized request[39m
[20 Sep, 2024 - 14:29:38:2938] [31merror[39m: [31mNot allowed by CORS[39m
[20 Sep, 2024 - 14:31:08:318] [31merror[39m: [31mDatabase Error[39m
[20 Sep, 2024 - 15:26:56:2656] [31merror[39m: [31mDatabase Error[39m
[20 Sep, 2024 - 16:01:27:127] [31merror[39m: [31mUnauthorized request[39m
[20 Sep, 2024 - 16:01:27:127] [31merror[39m: [31mUnauthorized request[39m
[20 Sep, 2024 - 16:01:32:132] [31merror[39m: [31mUnauthorized request[39m
[20 Sep, 2024 - 16:01:32:132] [31merror[39m: [31mUnauthorized request[39m
[20 Sep, 2024 - 16:02:04:24] [31merror[39m: [31mDatabase Error[39m
[20 Sep, 2024 - 16:03:12:312] [31merror[39m: [31mDatabase Error[39m
[20 Sep, 2024 - 16:03:30:330] [31merror[39m: [31mUnauthorized request[39m
[20 Sep, 2024 - 16:03:30:330] [31merror[39m: [31mUnauthorized request[39m
[20 Sep, 2024 - 16:05:26:526] [31merror[39m: [31mDatabase Error[39m
[20 Sep, 2024 - 16:06:54:654] [31merror[39m: [31mDatabase Error[39m
[20 Sep, 2024 - 16:14:27:1427] [31merror[39m: [31mUnauthorized request[39m
[20 Sep, 2024 - 16:24:03:243] [31merror[39m: [31mUnauthorized request[39m
[20 Sep, 2024 - 16:25:20:2520] [31merror[39m: [31mUnauthorized request[39m
[20 Sep, 2024 - 16:25:20:2520] [31merror[39m: [31mUnauthorized request[39m
[20 Sep, 2024 - 19:04:54:454] [31merror[39m: [31mUnauthorized request[39m
[20 Sep, 2024 - 19:04:54:454] [31merror[39m: [31mUnauthorized request[39m
[20 Sep, 2024 - 19:04:57:457] [31merror[39m: [31mUnknown authentication strategy "google"[39m
[20 Sep, 2024 - 19:10:45:1045] [31merror[39m: [31mUnauthorized request[39m
[20 Sep, 2024 - 19:10:45:1045] [31merror[39m: [31mUnauthorized request[39m
[20 Sep, 2024 - 19:10:47:1047] [31merror[39m: [31mUnknown authentication strategy "google"[39m
[20 Sep, 2024 - 19:18:42:1842] [31merror[39m: [31mUnauthorized request[39m
[20 Sep, 2024 - 19:19:03:193] [31merror[39m: [31mUnauthorized request[39m
[20 Sep, 2024 - 19:19:05:195] [31merror[39m: [31mUnauthorized request[39m
[20 Sep, 2024 - 19:19:06:196] [31merror[39m: [31mUnauthorized request[39m
[20 Sep, 2024 - 19:19:07:197] [31merror[39m: [31mUnauthorized request[39m
[20 Sep, 2024 - 19:19:09:199] [31merror[39m: [31mUnauthorized request[39m
[20 Sep, 2024 - 19:19:09:199] [31merror[39m: [31mUnauthorized request[39m
[20 Sep, 2024 - 19:19:16:1916] [31merror[39m: [31mUnauthorized request[39m
[20 Sep, 2024 - 19:19:16:1916] [31merror[39m: [31mUnauthorized request[39m
[20 Sep, 2024 - 19:19:17:1917] [31merror[39m: [31mUnknown authentication strategy "google"[39m
[20 Sep, 2024 - 19:23:48:2348] [31merror[39m: [31mUnauthorized request[39m
[20 Sep, 2024 - 19:23:52:2352] [31merror[39m: [31mUnauthorized request[39m
[20 Sep, 2024 - 19:23:56:2356] [31merror[39m: [31mUnauthorized request[39m
[20 Sep, 2024 - 19:23:56:2356] [31merror[39m: [31mUnauthorized request[39m
[20 Sep, 2024 - 19:24:08:248] [31merror[39m: [31mUnknown authentication strategy "google"[39m
[20 Sep, 2024 - 19:42:37:4237] [31merror[39m: [31mUnauthorized request[39m
[20 Sep, 2024 - 19:42:38:4238] [31merror[39m: [31mUnauthorized request[39m
[20 Sep, 2024 - 19:42:39:4239] [31merror[39m: [31mUnauthorized request[39m
[20 Sep, 2024 - 19:42:40:4240] [31merror[39m: [31mUnauthorized request[39m
[20 Sep, 2024 - 19:42:40:4240] [31merror[39m: [31mUnauthorized request[39m
[20 Sep, 2024 - 19:42:41:4241] [31merror[39m: [31mUnauthorized request[39m
[20 Sep, 2024 - 19:42:45:4245] [31merror[39m: [31mUnauthorized request[39m
[20 Sep, 2024 - 19:42:45:4245] [31merror[39m: [31mUnauthorized request[39m
[20 Sep, 2024 - 19:42:46:4246] [31merror[39m: [31mUnknown authentication strategy "google"[39m
[20 Sep, 2024 - 19:50:00:500] [31merror[39m: [31mUnauthorized request[39m
[20 Sep, 2024 - 19:50:03:503] [31merror[39m: [31mUnauthorized request[39m
[20 Sep, 2024 - 19:50:09:509] [31merror[39m: [31mUnauthorized request[39m
[20 Sep, 2024 - 19:50:09:509] [31merror[39m: [31mUnauthorized request[39m
[20 Sep, 2024 - 19:50:11:5011] [31merror[39m: [31mUnknown authentication strategy "google"[39m
[20 Sep, 2024 - 19:54:15:5415] [31merror[39m: [31mUnauthorized request[39m
[20 Sep, 2024 - 19:54:15:5415] [31merror[39m: [31mUnauthorized request[39m
[20 Sep, 2024 - 19:54:23:5423] [31merror[39m: [31mUnknown authentication strategy "google"[39m
[20 Sep, 2024 - 20:04:42:442] [31merror[39m: [31mUnauthorized request[39m
[20 Sep, 2024 - 20:04:42:442] [31merror[39m: [31mUnauthorized request[39m
[20 Sep, 2024 - 20:04:49:449] [31merror[39m: [31mUnknown authentication strategy "google"[39m
[20 Sep, 2024 - 20:05:15:515] [31merror[39m: [31mUnknown authentication strategy "google"[39m
[20 Sep, 2024 - 20:05:20:520] [31merror[39m: [31mUnknown authentication strategy "google"[39m
[20 Sep, 2024 - 20:05:23:523] [31merror[39m: [31mUnauthorized request[39m
[20 Sep, 2024 - 20:05:24:524] [31merror[39m: [31mUnauthorized request[39m
[20 Sep, 2024 - 20:06:33:633] [31merror[39m: [31mUnauthorized request[39m
[20 Sep, 2024 - 20:06:33:633] [31merror[39m: [31mUnauthorized request[39m
[20 Sep, 2024 - 20:06:35:635] [31merror[39m: [31mUnknown authentication strategy "google"[39m
[20 Sep, 2024 - 20:12:06:126] [31merror[39m: [31mUnknown authentication strategy "google"[39m
[20 Sep, 2024 - 20:12:20:1220] [31merror[39m: [31mUnknown authentication strategy "google"[39m
[20 Sep, 2024 - 20:12:55:1255] [31merror[39m: [31mUnknown authentication strategy "google"[39m
[20 Sep, 2024 - 20:13:57:1357] [31merror[39m: [31mUnknown authentication strategy "google"[39m
[20 Sep, 2024 - 20:15:26:1526] [31merror[39m: [31mUnknown authentication strategy "google"[39m
[20 Sep, 2024 - 20:23:27:2327] [31merror[39m: [31mUnknown authentication strategy "google"[39m
[20 Sep, 2024 - 20:23:52:2352] [31merror[39m: [31mUnknown authentication strategy "google"[39m
[20 Sep, 2024 - 20:26:49:2649] [31merror[39m: [31mUnknown authentication strategy "google"[39m
[20 Sep, 2024 - 20:27:54:2754] [31merror[39m: [31mUnknown authentication strategy "google"[39m
[20 Sep, 2024 - 20:40:52:4052] [31merror[39m: [31mUnauthorized request[39m
[20 Sep, 2024 - 20:40:52:4052] [31merror[39m: [31mUnauthorized request[39m
[20 Sep, 2024 - 20:45:09:459] [31merror[39m: [31mUnauthorized request[39m
[20 Sep, 2024 - 20:45:35:4535] [31merror[39m: [31mUnauthorized request[39m
[20 Sep, 2024 - 20:45:35:4535] [31merror[39m: [31mUnauthorized request[39m
[20 Sep, 2024 - 20:45:41:4541] [31merror[39m: [31mUnauthorized request[39m
[20 Sep, 2024 - 23:03:27:327] [31merror[39m: [31mUnauthorized request[39m
[20 Sep, 2024 - 23:03:27:327] [31merror[39m: [31mUnauthorized request[39m
[20 Sep, 2024 - 23:05:40:540] [31merror[39m: [31mUnauthorized request[39m
[20 Sep, 2024 - 23:05:40:540] [31merror[39m: [31mUnauthorized request[39m
[20 Sep, 2024 - 23:21:16:2116] [31merror[39m: [31mUnauthorized request[39m
[20 Sep, 2024 - 23:21:16:2116] [31merror[39m: [31mUnauthorized request[39m
[21 Sep, 2024 - 00:03:56:356] [31merror[39m: [31mUnauthorized request[39m
[21 Sep, 2024 - 00:03:56:356] [31merror[39m: [31mUnauthorized request[39m
[21 Sep, 2024 - 00:24:33:2433] [31merror[39m: [31mUnauthorized request[39m
[21 Sep, 2024 - 00:24:33:2433] [31merror[39m: [31mUnauthorized request[39m
[21 Sep, 2024 - 01:32:04:324] [31merror[39m: [31mUnauthorized request[39m
[21 Sep, 2024 - 01:32:04:324] [31merror[39m: [31mUnauthorized request[39m
[21 Sep, 2024 - 01:36:25:3625] [31merror[39m: [31mInvalid data[39m
[21 Sep, 2024 - 01:37:53:3753] [31merror[39m: [31mInternal Server Error[39m
[21 Sep, 2024 - 01:37:59:3759] [31merror[39m: [31mInternal Server Error[39m
[21 Sep, 2024 - 01:39:06:396] [31merror[39m: [31mInternal Server Error[39m
[21 Sep, 2024 - 01:39:19:3919] [31merror[39m: [31mInternal Server Error[39m
[21 Sep, 2024 - 01:39:57:3957] [31merror[39m: [31mYou have previously registered using google. Please use the google login option to access your account.[39m
[21 Sep, 2024 - 01:41:39:4139] [31merror[39m: [31mYou have Logged In through OAuth Hence You cannot Avail Forget Password[39m
[21 Sep, 2024 - 11:01:07:17] [31merror[39m: [31mUnauthorized request[39m
[21 Sep, 2024 - 11:01:07:17] [31merror[39m: [31mUnauthorized request[39m
[21 Sep, 2024 - 11:14:56:1456] [31merror[39m: [31mUnauthorized request[39m
[21 Sep, 2024 - 11:14:56:1456] [31merror[39m: [31mUnauthorized request[39m
[21 Sep, 2024 - 11:28:27:2827] [31merror[39m: [31mUnauthorized request[39m
[21 Sep, 2024 - 11:28:27:2827] [31merror[39m: [31mUnauthorized request[39m
[21 Sep, 2024 - 16:08:32:832] [31merror[39m: [31mUnauthorized request[39m
[21 Sep, 2024 - 16:08:32:832] [31merror[39m: [31mUnauthorized request[39m
[21 Sep, 2024 - 16:10:59:1059] [31merror[39m: [31mUnauthorized request[39m
[21 Sep, 2024 - 16:10:59:1059] [31merror[39m: [31mUnauthorized request[39m
[21 Sep, 2024 - 16:12:58:1258] [31merror[39m: [31mUnauthorized request[39m
[21 Sep, 2024 - 16:16:57:1657] [31merror[39m: [31mUnauthorized request[39m
[21 Sep, 2024 - 16:16:57:1657] [31merror[39m: [31mUnauthorized request[39m
[21 Sep, 2024 - 16:25:27:2527] [31merror[39m: [31mUnauthorized request[39m
[21 Sep, 2024 - 16:25:27:2527] [31merror[39m: [31mUnauthorized request[39m
[21 Sep, 2024 - 16:33:23:3323] [31merror[39m: [31mUnauthorized request[39m
[21 Sep, 2024 - 16:33:23:3323] [31merror[39m: [31mUnauthorized request[39m
[21 Sep, 2024 - 16:35:42:3542] [31merror[39m: [31mUnauthorized request[39m
[21 Sep, 2024 - 16:35:42:3542] [31merror[39m: [31mUnauthorized request[39m
[21 Sep, 2024 - 16:36:00:360] [31merror[39m: [31mUnauthorized request[39m
[21 Sep, 2024 - 16:36:00:360] [31merror[39m: [31mUnauthorized request[39m
[21 Sep, 2024 - 16:36:40:3640] [31merror[39m: [31mUnauthorized request[39m
[21 Sep, 2024 - 16:36:44:3644] [31merror[39m: [31mUnauthorized request[39m
[21 Sep, 2024 - 16:36:44:3644] [31merror[39m: [31mUnauthorized request[39m
[21 Sep, 2024 - 16:37:10:3710] [31merror[39m: [31mUnauthorized request[39m
[21 Sep, 2024 - 16:37:15:3715] [31merror[39m: [31mUnauthorized request[39m
[21 Sep, 2024 - 16:37:15:3715] [31merror[39m: [31mUnauthorized request[39m
[21 Sep, 2024 - 16:49:43:4943] [31merror[39m: [31mUnauthorized request[39m
[21 Sep, 2024 - 16:49:44:4944] [31merror[39m: [31mUnauthorized request[39m
[21 Sep, 2024 - 16:50:40:5040] [31merror[39m: [31mUnauthorized request[39m
[21 Sep, 2024 - 16:50:40:5040] [31merror[39m: [31mUnauthorized request[39m
[21 Sep, 2024 - 16:50:54:5054] [31merror[39m: [31mUnauthorized request[39m
[21 Sep, 2024 - 16:50:54:5054] [31merror[39m: [31mUnauthorized request[39m
[21 Sep, 2024 - 16:51:38:5138] [31merror[39m: [31mUnauthorized request[39m
[21 Sep, 2024 - 16:51:38:5138] [31merror[39m: [31mUnauthorized request[39m
[21 Sep, 2024 - 16:52:47:5247] [31merror[39m: [31mUnauthorized request[39m
[21 Sep, 2024 - 16:52:47:5247] [31merror[39m: [31mUnauthorized request[39m
[21 Sep, 2024 - 16:56:01:561] [31merror[39m: [31mUnauthorized request[39m
[21 Sep, 2024 - 16:56:01:561] [31merror[39m: [31mUnauthorized request[39m
[21 Sep, 2024 - 16:57:53:5753] [31merror[39m: [31mUnauthorized request[39m
[21 Sep, 2024 - 16:57:53:5753] [31merror[39m: [31mUnauthorized request[39m
[21 Sep, 2024 - 16:58:25:5825] [31merror[39m: [31mUnauthorized request[39m
[21 Sep, 2024 - 16:58:25:5825] [31merror[39m: [31mUnauthorized request[39m
[21 Sep, 2024 - 17:04:13:413] [31merror[39m: [31mUnauthorized request[39m
[21 Sep, 2024 - 17:04:13:413] [31merror[39m: [31mUnauthorized request[39m
[21 Sep, 2024 - 17:05:48:548] [31merror[39m: [31mUnauthorized request[39m
[21 Sep, 2024 - 17:05:48:548] [31merror[39m: [31mUnauthorized request[39m
[21 Sep, 2024 - 17:06:18:618] [31merror[39m: [31mUnauthorized request[39m
[21 Sep, 2024 - 17:06:18:618] [31merror[39m: [31mUnauthorized request[39m
[21 Sep, 2024 - 17:06:29:629] [31merror[39m: [31mUnauthorized request[39m
[21 Sep, 2024 - 17:06:29:629] [31merror[39m: [31mUnauthorized request[39m
[21 Sep, 2024 - 17:12:09:129] [31merror[39m: [31mUnauthorized request[39m
[21 Sep, 2024 - 17:12:09:129] [31merror[39m: [31mUnauthorized request[39m
[21 Sep, 2024 - 17:12:17:1217] [31merror[39m: [31mUnauthorized request[39m
[21 Sep, 2024 - 17:12:17:1217] [31merror[39m: [31mUnauthorized request[39m
[21 Sep, 2024 - 17:12:57:1257] [31merror[39m: [31mUnauthorized request[39m
[21 Sep, 2024 - 17:12:57:1257] [31merror[39m: [31mUnauthorized request[39m
[21 Sep, 2024 - 17:16:41:1641] [31merror[39m: [31mUnauthorized request[39m
[21 Sep, 2024 - 17:16:41:1641] [31merror[39m: [31mUnauthorized request[39m
[21 Sep, 2024 - 17:17:33:1733] [31merror[39m: [31mUnauthorized request[39m
[21 Sep, 2024 - 17:17:33:1733] [31merror[39m: [31mUnauthorized request[39m
[21 Sep, 2024 - 17:17:37:1737] [31merror[39m: [31mUnauthorized request[39m
[21 Sep, 2024 - 17:17:37:1737] [31merror[39m: [31mUnauthorized request[39m
[21 Sep, 2024 - 17:21:03:213] [31merror[39m: [31mYou have previously registered using email password. Please use the same login option.[39m
[21 Sep, 2024 - 17:21:33:2133] [31merror[39m: [31mUnauthorized request[39m
[21 Sep, 2024 - 17:21:33:2133] [31merror[39m: [31mUnauthorized request[39m
[21 Sep, 2024 - 17:25:58:2558] [31merror[39m: [31mUnauthorized request[39m
[21 Sep, 2024 - 17:25:58:2558] [31merror[39m: [31mUnauthorized request[39m
[21 Sep, 2024 - 17:26:14:2614] [31merror[39m: [31mUnauthorized request[39m
[21 Sep, 2024 - 17:26:14:2614] [31merror[39m: [31mUnauthorized request[39m
[21 Sep, 2024 - 17:26:24:2624] [31merror[39m: [31mUnauthorized request[39m
[21 Sep, 2024 - 17:26:24:2624] [31merror[39m: [31mUnauthorized request[39m
[21 Sep, 2024 - 17:27:28:2728] [31merror[39m: [31mThe password/email you have entered is wrong[39m
[21 Sep, 2024 - 17:38:07:387] [31merror[39m: [31mUnauthorized request[39m
[21 Sep, 2024 - 17:39:09:399] [31merror[39m: [31mUnauthorized request[39m
[21 Sep, 2024 - 17:50:18:5018] [31merror[39m: [31mUnauthorized request[39m
[21 Sep, 2024 - 17:50:20:5020] [31merror[39m: [31mUnauthorized request[39m
[21 Sep, 2024 - 17:50:24:5024] [31merror[39m: [31mUnauthorized request[39m
[21 Sep, 2024 - 17:50:24:5024] [31merror[39m: [31mUnauthorized request[39m
[21 Sep, 2024 - 17:51:35:5135] [31merror[39m: [31mUnauthorized request[39m
[21 Sep, 2024 - 17:51:35:5135] [31merror[39m: [31mUnauthorized request[39m
[21 Sep, 2024 - 17:51:36:5136] [31merror[39m: [31mUnauthorized request[39m
[21 Sep, 2024 - 17:51:48:5148] [31merror[39m: [31mUnauthorized request[39m
[21 Sep, 2024 - 17:51:58:5158] [31merror[39m: [31mUnauthorized request[39m
[21 Sep, 2024 - 17:51:58:5158] [31merror[39m: [31mUnauthorized request[39m
[21 Sep, 2024 - 17:52:04:524] [31merror[39m: [31mUnauthorized request[39m
[21 Sep, 2024 - 17:52:05:525] [31merror[39m: [31mUnauthorized request[39m
[21 Sep, 2024 - 17:52:07:527] [31merror[39m: [31mUnauthorized request[39m
[21 Sep, 2024 - 17:52:07:527] [31merror[39m: [31mUnauthorized request[39m
[21 Sep, 2024 - 17:53:09:539] [31merror[39m: [31mUnauthorized request[39m
[21 Sep, 2024 - 17:53:09:539] [31merror[39m: [31mUnauthorized request[39m
[21 Sep, 2024 - 17:53:44:5344] [31merror[39m: [31mUnauthorized request[39m
[21 Sep, 2024 - 17:53:44:5344] [31merror[39m: [31mUnauthorized request[39m
[21 Sep, 2024 - 17:53:49:5349] [31merror[39m: [31mUnauthorized request[39m
[21 Sep, 2024 - 17:53:49:5349] [31merror[39m: [31mUnauthorized request[39m
[21 Sep, 2024 - 17:54:31:5431] [31merror[39m: [31mUnauthorized request[39m
[21 Sep, 2024 - 17:54:31:5431] [31merror[39m: [31mUnauthorized request[39m
[21 Sep, 2024 - 17:55:29:5529] [31merror[39m: [31mUnauthorized request[39m
[21 Sep, 2024 - 17:55:29:5529] [31merror[39m: [31mUnauthorized request[39m
[21 Sep, 2024 - 17:55:52:5552] [31merror[39m: [31mUnauthorized request[39m
[21 Sep, 2024 - 17:55:52:5552] [31merror[39m: [31mUnauthorized request[39m
[21 Sep, 2024 - 17:56:05:565] [31merror[39m: [31mUnauthorized request[39m
[21 Sep, 2024 - 17:56:05:565] [31merror[39m: [31mUnauthorized request[39m
[21 Sep, 2024 - 17:56:16:5616] [31merror[39m: [31mUnauthorized request[39m
[21 Sep, 2024 - 17:56:16:5616] [31merror[39m: [31mUnauthorized request[39m
[21 Sep, 2024 - 17:57:54:5754] [31merror[39m: [31mUnauthorized request[39m
[21 Sep, 2024 - 17:57:54:5754] [31merror[39m: [31mUnauthorized request[39m
[21 Sep, 2024 - 17:57:58:5758] [31merror[39m: [31mUnauthorized request[39m
[21 Sep, 2024 - 17:57:58:5758] [31merror[39m: [31mUnauthorized request[39m
[21 Sep, 2024 - 17:58:00:580] [31merror[39m: [31mUnauthorized request[39m
[21 Sep, 2024 - 17:58:01:581] [31merror[39m: [31mUnauthorized request[39m
[21 Sep, 2024 - 17:58:41:5841] [31merror[39m: [31mUnauthorized request[39m
[21 Sep, 2024 - 17:58:41:5841] [31merror[39m: [31mUnauthorized request[39m
[21 Sep, 2024 - 17:58:45:5845] [31merror[39m: [31mUnauthorized request[39m
[21 Sep, 2024 - 17:58:45:5845] [31merror[39m: [31mUnauthorized request[39m
[21 Sep, 2024 - 17:58:51:5851] [31merror[39m: [31mUnauthorized request[39m
[21 Sep, 2024 - 17:58:51:5851] [31merror[39m: [31mUnauthorized request[39m
[21 Sep, 2024 - 17:58:53:5853] [31merror[39m: [31mUnauthorized request[39m
[21 Sep, 2024 - 17:58:53:5853] [31merror[39m: [31mUnauthorized request[39m
[21 Sep, 2024 - 17:58:57:5857] [31merror[39m: [31mUnauthorized request[39m
[21 Sep, 2024 - 17:58:57:5857] [31merror[39m: [31mUnauthorized request[39m
[21 Sep, 2024 - 17:59:15:5915] [31merror[39m: [31mUnauthorized request[39m
[21 Sep, 2024 - 17:59:15:5915] [31merror[39m: [31mUnauthorized request[39m
[21 Sep, 2024 - 17:59:15:5915] [31merror[39m: [31mUnauthorized request[39m
[21 Sep, 2024 - 17:59:15:5915] [31merror[39m: [31mUnauthorized request[39m
[21 Sep, 2024 - 17:59:16:5916] [31merror[39m: [31mUnauthorized request[39m
[21 Sep, 2024 - 17:59:16:5916] [31merror[39m: [31mUnauthorized request[39m
[21 Sep, 2024 - 17:59:19:5919] [31merror[39m: [31mThe password/email you have entered is wrong[39m
[21 Sep, 2024 - 18:00:10:010] [31merror[39m: [31mUnauthorized request[39m
[21 Sep, 2024 - 18:00:14:014] [31merror[39m: [31mUnauthorized request[39m
[21 Sep, 2024 - 18:00:14:014] [31merror[39m: [31mUnauthorized request[39m
[21 Sep, 2024 - 18:00:14:014] [31merror[39m: [31mUnauthorized request[39m
[21 Sep, 2024 - 18:00:14:014] [31merror[39m: [31mUnauthorized request[39m
[21 Sep, 2024 - 18:00:14:014] [31merror[39m: [31mUnauthorized request[39m
[21 Sep, 2024 - 18:00:15:015] [31merror[39m: [31mUnauthorized request[39m
[21 Sep, 2024 - 18:01:22:122] [31merror[39m: [31mUnauthorized request[39m
[21 Sep, 2024 - 18:01:26:126] [31merror[39m: [31mThe password/email you have entered is wrong[39m
[21 Sep, 2024 - 18:01:34:134] [31merror[39m: [31mUnauthorized request[39m
[21 Sep, 2024 - 18:03:23:323] [31merror[39m: [31mUnauthorized request[39m
[21 Sep, 2024 - 18:03:23:323] [31merror[39m: [31mUnauthorized request[39m
[21 Sep, 2024 - 18:03:23:323] [31merror[39m: [31mUnauthorized request[39m
[21 Sep, 2024 - 18:03:23:323] [31merror[39m: [31mUnauthorized request[39m
[21 Sep, 2024 - 18:03:23:323] [31merror[39m: [31mUnauthorized request[39m
[21 Sep, 2024 - 18:03:24:324] [31merror[39m: [31mUnauthorized request[39m
[21 Sep, 2024 - 18:03:25:325] [31merror[39m: [31mThe password/email you have entered is wrong[39m
[21 Sep, 2024 - 18:03:35:335] [31merror[39m: [31mUnauthorized request[39m
[21 Sep, 2024 - 18:03:36:336] [31merror[39m: [31mUnauthorized request[39m
[21 Sep, 2024 - 18:03:36:336] [31merror[39m: [31mUnauthorized request[39m
[21 Sep, 2024 - 18:03:38:338] [31merror[39m: [31mUnauthorized request[39m
[21 Sep, 2024 - 21:31:04:314] [31merror[39m: [31mCart not found[39m
[21 Sep, 2024 - 22:08:33:833] [31merror[39m: [31mUnauthorized request[39m
[21 Sep, 2024 - 22:08:33:833] [31merror[39m: [31mUnauthorized request[39m
[21 Sep, 2024 - 22:08:33:833] [31merror[39m: [31mUnauthorized request[39m
[21 Sep, 2024 - 22:08:33:833] [31merror[39m: [31mUnauthorized request[39m
[21 Sep, 2024 - 22:44:19:4419] [31merror[39m: [31mThere are too many requests. You are only allowed 5 requests per 10 minutes[39m
[21 Sep, 2024 - 22:44:21:4421] [31merror[39m: [31mThere are too many requests. You are only allowed 5 requests per 10 minutes[39m
[21 Sep, 2024 - 22:44:43:4443] [31merror[39m: [31mThere are too many requests. You are only allowed 5 requests per 10 minutes[39m
[21 Sep, 2024 - 22:44:44:4444] [31merror[39m: [31mThere are too many requests. You are only allowed 5 requests per 10 minutes[39m
[21 Sep, 2024 - 22:44:44:4444] [31merror[39m: [31mThere are too many requests. You are only allowed 5 requests per 10 minutes[39m
[21 Sep, 2024 - 22:44:46:4446] [31merror[39m: [31mThere are too many requests. You are only allowed 5 requests per 10 minutes[39m
[21 Sep, 2024 - 22:44:47:4447] [31merror[39m: [31mThere are too many requests. You are only allowed 5 requests per 10 minutes[39m
[21 Sep, 2024 - 22:45:07:457] [31merror[39m: [31mThere are too many requests. You are only allowed 5 requests per 10 minutes[39m
[21 Sep, 2024 - 22:45:08:458] [31merror[39m: [31mThere are too many requests. You are only allowed 5 requests per 10 minutes[39m
[22 Sep, 2024 - 00:03:24:324] [31merror[39m: [31mUnauthorized request[39m
[22 Sep, 2024 - 00:03:24:324] [31merror[39m: [31mUnauthorized request[39m
[22 Sep, 2024 - 00:03:24:324] [31merror[39m: [31mUnauthorized request[39m
[22 Sep, 2024 - 00:03:24:324] [31merror[39m: [31mUnauthorized request[39m
[22 Sep, 2024 - 00:06:34:634] [31merror[39m: [31mUnauthorized request[39m
[22 Sep, 2024 - 00:06:34:634] [31merror[39m: [31mThere are too many requests. You are only allowed 5 requests per 10 minutes[39m
[22 Sep, 2024 - 00:06:34:634] [31merror[39m: [31mThere are too many requests. You are only allowed 5 requests per 10 minutes[39m
[22 Sep, 2024 - 00:06:34:634] [31merror[39m: [31mThere are too many requests. You are only allowed 5 requests per 10 minutes[39m
[22 Sep, 2024 - 00:07:45:745] [31merror[39m: [31mThere are too many requests. You are only allowed 5 requests per 10 minutes[39m
[22 Sep, 2024 - 00:07:45:745] [31merror[39m: [31mThere are too many requests. You are only allowed 5 requests per 10 minutes[39m
[22 Sep, 2024 - 00:07:45:745] [31merror[39m: [31mThere are too many requests. You are only allowed 5 requests per 10 minutes[39m
[22 Sep, 2024 - 00:07:45:745] [31merror[39m: [31mThere are too many requests. You are only allowed 5 requests per 10 minutes[39m
[22 Sep, 2024 - 00:11:02:112] [31merror[39m: [31mThere are too many requests. You are only allowed 5 requests per 10 minutes[39m
[22 Sep, 2024 - 00:11:02:112] [31merror[39m: [31mThere are too many requests. You are only allowed 5 requests per 10 minutes[39m
[22 Sep, 2024 - 00:11:02:112] [31merror[39m: [31mThere are too many requests. You are only allowed 5 requests per 10 minutes[39m
[22 Sep, 2024 - 00:11:02:112] [31merror[39m: [31mThere are too many requests. You are only allowed 5 requests per 10 minutes[39m
[22 Sep, 2024 - 00:14:28:1428] [31merror[39m: [31mUnauthorized request[39m
[22 Sep, 2024 - 00:14:28:1428] [31merror[39m: [31mUnauthorized request[39m
[22 Sep, 2024 - 00:14:28:1428] [31merror[39m: [31mUnauthorized request[39m
[22 Sep, 2024 - 00:14:28:1428] [31merror[39m: [31mUnauthorized request[39m
[22 Sep, 2024 - 00:15:17:1517] [31merror[39m: [31mUnauthorized request[39m
[22 Sep, 2024 - 00:15:17:1517] [31merror[39m: [31mThere are too many requests. You are only allowed 5 requests per 10 minutes[39m
[22 Sep, 2024 - 00:15:17:1517] [31merror[39m: [31mThere are too many requests. You are only allowed 5 requests per 10 minutes[39m
[22 Sep, 2024 - 00:15:17:1517] [31merror[39m: [31mThere are too many requests. You are only allowed 5 requests per 10 minutes[39m
[22 Sep, 2024 - 00:16:35:1635] [31merror[39m: [31mThere are too many requests. You are only allowed 5 requests per 10 minutes[39m
[22 Sep, 2024 - 00:16:35:1635] [31merror[39m: [31mThere are too many requests. You are only allowed 5 requests per 10 minutes[39m
[22 Sep, 2024 - 00:16:35:1635] [31merror[39m: [31mThere are too many requests. You are only allowed 5 requests per 10 minutes[39m
[22 Sep, 2024 - 00:16:35:1635] [31merror[39m: [31mThere are too many requests. You are only allowed 5 requests per 10 minutes[39m
[22 Sep, 2024 - 00:16:35:1635] [31merror[39m: [31mThere are too many requests. You are only allowed 5 requests per 10 minutes[39m
[22 Sep, 2024 - 00:16:35:1635] [31merror[39m: [31mThere are too many requests. You are only allowed 5 requests per 10 minutes[39m
[22 Sep, 2024 - 00:16:35:1635] [31merror[39m: [31mThere are too many requests. You are only allowed 5 requests per 10 minutes[39m
[22 Sep, 2024 - 00:16:35:1635] [31merror[39m: [31mThere are too many requests. You are only allowed 5 requests per 10 minutes[39m
[22 Sep, 2024 - 00:16:42:1642] [31merror[39m: [31mThere are too many requests. You are only allowed 5 requests per 10 minutes[39m
[22 Sep, 2024 - 00:16:42:1642] [31merror[39m: [31mThere are too many requests. You are only allowed 5 requests per 10 minutes[39m
[22 Sep, 2024 - 00:16:42:1642] [31merror[39m: [31mThere are too many requests. You are only allowed 5 requests per 10 minutes[39m
[22 Sep, 2024 - 00:16:42:1642] [31merror[39m: [31mThere are too many requests. You are only allowed 5 requests per 10 minutes[39m
[22 Sep, 2024 - 00:21:37:2137] [31merror[39m: [31mThere are too many requests. You are only allowed 5 requests per 10 minutes[39m
[22 Sep, 2024 - 00:21:37:2137] [31merror[39m: [31mThere are too many requests. You are only allowed 5 requests per 10 minutes[39m
[22 Sep, 2024 - 00:21:37:2137] [31merror[39m: [31mThere are too many requests. You are only allowed 5 requests per 10 minutes[39m
[22 Sep, 2024 - 00:21:37:2137] [31merror[39m: [31mThere are too many requests. You are only allowed 5 requests per 10 minutes[39m
[22 Sep, 2024 - 00:21:59:2159] [31merror[39m: [31mThere are too many requests. You are only allowed 5 requests per 10 minutes[39m
[22 Sep, 2024 - 00:22:00:220] [31merror[39m: [31mThere are too many requests. You are only allowed 5 requests per 10 minutes[39m
[22 Sep, 2024 - 00:22:00:220] [31merror[39m: [31mThere are too many requests. You are only allowed 5 requests per 10 minutes[39m
[22 Sep, 2024 - 00:22:00:220] [31merror[39m: [31mThere are too many requests. You are only allowed 5 requests per 10 minutes[39m
[22 Sep, 2024 - 00:30:03:303] [31merror[39m: [31mUnauthorized request[39m
[22 Sep, 2024 - 00:30:04:304] [31merror[39m: [31mUnauthorized request[39m
[22 Sep, 2024 - 00:30:04:304] [31merror[39m: [31mUnauthorized request[39m
[22 Sep, 2024 - 00:30:04:304] [31merror[39m: [31mUnauthorized request[39m
[22 Sep, 2024 - 00:30:04:304] [31merror[39m: [31mUnauthorized request[39m
[22 Sep, 2024 - 00:30:04:304] [31merror[39m: [31mThere are too many requests. You are only allowed 5 requests per 10 minutes[39m
[22 Sep, 2024 - 00:30:04:304] [31merror[39m: [31mThere are too many requests. You are only allowed 5 requests per 10 minutes[39m
[22 Sep, 2024 - 00:30:04:304] [31merror[39m: [31mThere are too many requests. You are only allowed 5 requests per 10 minutes[39m
[22 Sep, 2024 - 00:30:36:3036] [31merror[39m: [31mThere are too many requests. You are only allowed 5 requests per 10 minutes[39m
[22 Sep, 2024 - 00:30:36:3036] [31merror[39m: [31mThere are too many requests. You are only allowed 5 requests per 10 minutes[39m
[22 Sep, 2024 - 00:30:36:3036] [31merror[39m: [31mThere are too many requests. You are only allowed 5 requests per 10 minutes[39m
[22 Sep, 2024 - 00:30:36:3036] [31merror[39m: [31mThere are too many requests. You are only allowed 5 requests per 10 minutes[39m
[22 Sep, 2024 - 00:31:44:3144] [31merror[39m: [31mThere are too many requests. You are only allowed 5 requests per 10 minutes[39m
[22 Sep, 2024 - 00:32:16:3216] [31merror[39m: [31mThere are too many requests. You are only allowed 5 requests per 10 minutes[39m
[22 Sep, 2024 - 00:33:09:339] [31merror[39m: [31mThe password/email you have entered is wrong[39m
[22 Sep, 2024 - 00:38:14:3814] [31merror[39m: [31mUnauthorized request[39m
[22 Sep, 2024 - 00:38:14:3814] [31merror[39m: [31mUnauthorized request[39m
[22 Sep, 2024 - 00:38:14:3814] [31merror[39m: [31mUnauthorized request[39m
[22 Sep, 2024 - 00:38:14:3814] [31merror[39m: [31mUnauthorized request[39m
[22 Sep, 2024 - 00:39:23:3923] [31merror[39m: [31mThere are too many requests. You are only allowed 5 requests per 10 minutes[39m
[22 Sep, 2024 - 00:39:23:3923] [31merror[39m: [31mThere are too many requests. You are only allowed 5 requests per 10 minutes[39m
[22 Sep, 2024 - 00:39:23:3923] [31merror[39m: [31mThere are too many requests. You are only allowed 5 requests per 10 minutes[39m
[22 Sep, 2024 - 00:39:26:3926] [31merror[39m: [31mThere are too many requests. You are only allowed 5 requests per 10 minutes[39m
[22 Sep, 2024 - 00:39:27:3927] [31merror[39m: [31mThere are too many requests. You are only allowed 5 requests per 10 minutes[39m
[22 Sep, 2024 - 00:39:29:3929] [31merror[39m: [31mThere are too many requests. You are only allowed 5 requests per 10 minutes[39m
[22 Sep, 2024 - 00:39:29:3929] [31merror[39m: [31mThere are too many requests. You are only allowed 5 requests per 10 minutes[39m
[22 Sep, 2024 - 00:39:29:3929] [31merror[39m: [31mThere are too many requests. You are only allowed 5 requests per 10 minutes[39m
[22 Sep, 2024 - 00:39:29:3929] [31merror[39m: [31mThere are too many requests. You are only allowed 5 requests per 10 minutes[39m
[22 Sep, 2024 - 00:39:31:3931] [31merror[39m: [31mThere are too many requests. You are only allowed 5 requests per 10 minutes[39m
[22 Sep, 2024 - 00:39:31:3931] [31merror[39m: [31mThere are too many requests. You are only allowed 5 requests per 10 minutes[39m
[22 Sep, 2024 - 00:39:31:3931] [31merror[39m: [31mThere are too many requests. You are only allowed 5 requests per 10 minutes[39m
[22 Sep, 2024 - 00:39:31:3931] [31merror[39m: [31mThere are too many requests. You are only allowed 5 requests per 10 minutes[39m
[22 Sep, 2024 - 00:39:31:3931] [31merror[39m: [31mThere are too many requests. You are only allowed 5 requests per 10 minutes[39m
[22 Sep, 2024 - 00:39:31:3931] [31merror[39m: [31mThere are too many requests. You are only allowed 5 requests per 10 minutes[39m
[22 Sep, 2024 - 00:39:47:3947] [31merror[39m: [31mThe password/email you have entered is wrong[39m
[22 Sep, 2024 - 00:40:33:4033] [31merror[39m: [31mThere are too many requests. You are only allowed 5 requests per 10 minutes[39m
[22 Sep, 2024 - 00:40:33:4033] [31merror[39m: [31mThere are too many requests. You are only allowed 5 requests per 10 minutes[39m
[22 Sep, 2024 - 00:40:33:4033] [31merror[39m: [31mThere are too many requests. You are only allowed 5 requests per 10 minutes[39m
[22 Sep, 2024 - 00:40:33:4033] [31merror[39m: [31mThere are too many requests. You are only allowed 5 requests per 10 minutes[39m
[22 Sep, 2024 - 00:40:33:4033] [31merror[39m: [31mThere are too many requests. You are only allowed 5 requests per 10 minutes[39m
[22 Sep, 2024 - 00:40:38:4038] [31merror[39m: [31mThere are too many requests. You are only allowed 5 requests per 10 minutes[39m
[22 Sep, 2024 - 00:40:40:4040] [31merror[39m: [31mThere are too many requests. You are only allowed 5 requests per 10 minutes[39m
[22 Sep, 2024 - 00:40:40:4040] [31merror[39m: [31mThere are too many requests. You are only allowed 5 requests per 10 minutes[39m
[22 Sep, 2024 - 00:40:40:4040] [31merror[39m: [31mThere are too many requests. You are only allowed 5 requests per 10 minutes[39m
[22 Sep, 2024 - 00:40:40:4040] [31merror[39m: [31mThere are too many requests. You are only allowed 5 requests per 10 minutes[39m
[22 Sep, 2024 - 00:40:40:4040] [31merror[39m: [31mThere are too many requests. You are only allowed 5 requests per 10 minutes[39m
[22 Sep, 2024 - 00:40:40:4040] [31merror[39m: [31mThere are too many requests. You are only allowed 5 requests per 10 minutes[39m
[22 Sep, 2024 - 00:50:09:509] [31merror[39m: [31mThere are too many requests. You are only allowed 5 requests per 10 minutes[39m
[22 Sep, 2024 - 01:10:10:1010] [31merror[39m: [31mThere are too many requests. You are only allowed 5 requests per 10 minutes[39m
[22 Sep, 2024 - 01:10:10:1010] [31merror[39m: [31mThere are too many requests. You are only allowed 5 requests per 10 minutes[39m
[22 Sep, 2024 - 01:10:11:1011] [31merror[39m: [31mThere are too many requests. You are only allowed 5 requests per 10 minutes[39m
[22 Sep, 2024 - 01:10:38:1038] [31merror[39m: [31mUnauthorized request[39m
[22 Sep, 2024 - 01:18:46:1846] [31merror[39m: [31mThere are too many requests. You are only allowed 5 requests per 10 minutes[39m
[22 Sep, 2024 - 01:18:46:1846] [31merror[39m: [31mThere are too many requests. You are only allowed 5 requests per 10 minutes[39m
[22 Sep, 2024 - 01:18:46:1846] [31merror[39m: [31mThere are too many requests. You are only allowed 5 requests per 10 minutes[39m
[22 Sep, 2024 - 01:18:46:1846] [31merror[39m: [31mThere are too many requests. You are only allowed 5 requests per 10 minutes[39m
[22 Sep, 2024 - 01:18:46:1846] [31merror[39m: [31mThere are too many requests. You are only allowed 5 requests per 10 minutes[39m
[22 Sep, 2024 - 01:19:07:197] [31merror[39m: [31mThe password/email you have entered is wrong[39m
[22 Sep, 2024 - 01:19:21:1921] [31merror[39m: [31mThere are too many requests. You are only allowed 5 requests per 10 minutes[39m
[22 Sep, 2024 - 01:22:48:2248] [31merror[39m: [31mThere are too many requests. You are only allowed 5 requests per 10 minutes[39m
[22 Sep, 2024 - 01:22:48:2248] [31merror[39m: [31mThere are too many requests. You are only allowed 5 requests per 10 minutes[39m
[22 Sep, 2024 - 01:22:49:2249] [31merror[39m: [31mThere are too many requests. You are only allowed 5 requests per 10 minutes[39m
[22 Sep, 2024 - 01:22:49:2249] [31merror[39m: [31mThere are too many requests. You are only allowed 5 requests per 10 minutes[39m
[22 Sep, 2024 - 01:22:49:2249] [31merror[39m: [31mThere are too many requests. You are only allowed 5 requests per 10 minutes[39m
[22 Sep, 2024 - 01:22:49:2249] [31merror[39m: [31mThere are too many requests. You are only allowed 5 requests per 10 minutes[39m
[22 Sep, 2024 - 01:22:49:2249] [31merror[39m: [31mThere are too many requests. You are only allowed 5 requests per 10 minutes[39m
[22 Sep, 2024 - 01:23:16:2316] [31merror[39m: [31mThere are too many requests. You are only allowed 5 requests per 10 minutes[39m
[22 Sep, 2024 - 01:25:38:2538] [31merror[39m: [31mThe password/email you have entered is wrong[39m
[22 Sep, 2024 - 01:26:56:2656] [31merror[39m: [31mUnauthorized request[39m
[22 Sep, 2024 - 01:26:56:2656] [31merror[39m: [31mUnauthorized request[39m
[22 Sep, 2024 - 01:26:56:2656] [31merror[39m: [31mUnauthorized request[39m
[22 Sep, 2024 - 01:26:56:2656] [31merror[39m: [31mUnauthorized request[39m
[22 Sep, 2024 - 01:26:56:2656] [31merror[39m: [31mUnauthorized request[39m
[22 Sep, 2024 - 01:26:56:2656] [31merror[39m: [31mUnauthorized request[39m
[22 Sep, 2024 - 01:31:09:319] [31merror[39m: [31mUnauthorized request[39m
[22 Sep, 2024 - 01:31:16:3116] [31merror[39m: [31mreCAPTCHA verification failed[39m
[22 Sep, 2024 - 01:32:55:3255] [31merror[39m: [31mUnauthorized request[39m
[22 Sep, 2024 - 01:32:55:3255] [31merror[39m: [31mUnauthorized request[39m
[22 Sep, 2024 - 01:32:55:3255] [31merror[39m: [31mUnauthorized request[39m
[22 Sep, 2024 - 01:32:55:3255] [31merror[39m: [31mUnauthorized request[39m
[22 Sep, 2024 - 01:32:55:3255] [31merror[39m: [31mUnauthorized request[39m
[22 Sep, 2024 - 01:32:55:3255] [31merror[39m: [31mUnauthorized request[39m
[22 Sep, 2024 - 01:32:57:3257] [31merror[39m: [31mUnauthorized request[39m
[22 Sep, 2024 - 01:32:57:3257] [31merror[39m: [31mUnauthorized request[39m
[22 Sep, 2024 - 01:32:57:3257] [31merror[39m: [31mUnauthorized request[39m
[22 Sep, 2024 - 01:32:57:3257] [31merror[39m: [31mUnauthorized request[39m
[22 Sep, 2024 - 01:36:34:3634] [31merror[39m: [31mThe password/email you have entered is wrong[39m
[22 Sep, 2024 - 01:36:39:3639] [31merror[39m: [31mUnauthorized request[39m
[22 Sep, 2024 - 01:36:39:3639] [31merror[39m: [31mUnauthorized request[39m
[22 Sep, 2024 - 01:49:03:493] [31merror[39m: [31mUnauthorized request[39m
[22 Sep, 2024 - 01:49:03:493] [31merror[39m: [31mUnauthorized request[39m
[22 Sep, 2024 - 01:49:03:493] [31merror[39m: [31mUnauthorized request[39m
[22 Sep, 2024 - 01:49:03:493] [31merror[39m: [31mUnauthorized request[39m
[22 Sep, 2024 - 01:49:04:494] [31merror[39m: [31mUnauthorized request[39m
[22 Sep, 2024 - 01:49:04:494] [31merror[39m: [31mUnauthorized request[39m
[22 Sep, 2024 - 01:49:04:494] [31merror[39m: [31mUnauthorized request[39m
[22 Sep, 2024 - 01:49:04:494] [31merror[39m: [31mUnauthorized request[39m
[22 Sep, 2024 - 01:49:10:4910] [31merror[39m: [31mUnauthorized request[39m
[22 Sep, 2024 - 01:49:10:4910] [31merror[39m: [31mUnauthorized request[39m
[22 Sep, 2024 - 01:49:10:4910] [31merror[39m: [31mUnauthorized request[39m
[22 Sep, 2024 - 01:49:10:4910] [31merror[39m: [31mUnauthorized request[39m
[22 Sep, 2024 - 01:49:14:4914] [31merror[39m: [31mThe password/email you have entered is wrong[39m
[22 Sep, 2024 - 01:52:18:5218] [31merror[39m: [31mUnauthorized request[39m
[22 Sep, 2024 - 01:52:18:5218] [31merror[39m: [31mUnauthorized request[39m
[22 Sep, 2024 - 01:52:50:5250] [31merror[39m: [31mUnauthorized request[39m
[22 Sep, 2024 - 01:59:50:5950] [31merror[39m: [31mUnauthorized request[39m
[22 Sep, 2024 - 02:00:52:052] [31merror[39m: [31mUnauthorized request[39m
[22 Sep, 2024 - 02:05:58:558] [31merror[39m: [31mUnauthorized request[39m
[22 Sep, 2024 - 02:06:14:614] [31merror[39m: [31mUnauthorized request[39m
[22 Sep, 2024 - 02:07:04:74] [31merror[39m: [31mUnauthorized request[39m
[22 Sep, 2024 - 02:09:20:920] [31merror[39m: [31mUnauthorized request[39m
[22 Sep, 2024 - 02:09:26:926] [31merror[39m: [31mUnauthorized request[39m
[22 Sep, 2024 - 02:11:31:1131] [31merror[39m: [31mUnauthorized request[39m
[22 Sep, 2024 - 02:14:21:1421] [31merror[39m: [31mUnauthorized request[39m
[22 Sep, 2024 - 02:15:29:1529] [31merror[39m: [31mUnauthorized request[39m
