[19 Sep, 2024 - 18:54:27:5427] [31merror[39m: [31mInvalid data[39m
[19 Sep, 2024 - 18:54:53:5453] [31merror[39m: [31mInvalid data[39m
[19 Sep, 2024 - 18:55:06:556] [31merror[39m: [31m[39m
[31mInvalid `prismaClient.user.create()` invocation in[39m
[31mC:\Users\Tarun\Desktop\muta-engine\src\controllers\user.controllers.ts:78:40[39m

[31m  75 [39m
[31m  76 const hashedPassword = await hashPassword(password);[39m
[31m  77 [39m
[31m→ 78 const user = await prismaClient.user.create({[39m
[31m       data: {[39m
[31m         email: "tarunsharmakavipurapu@gmail.com",[39m
[31m         password: "$2b$10$JZf3dZcM5.ObHV/NeBvy7uYNOWv1puWFT6uZnVO6Z2PtDD2MVeF9.",[39m
[31m     +   name: String[39m
[31m       },[39m
[31m       select: {[39m
[31m         id: true,[39m
[31m         email: true,[39m
[31m         name: true,[39m
[31m         googleId: true,[39m
[31m         createdAt: true,[39m
[31m         updatedAt: true[39m
[31m       }[39m
[31m     })[39m

[31mArgument `name` is missing.[39m
[19 Sep, 2024 - 18:58:10:5810] [31merror[39m: [31mDatabase Error[39m
[19 Sep, 2024 - 18:59:46:5946] [31merror[39m: [31mInvalid data[39m
[19 Sep, 2024 - 19:00:08:08] [31merror[39m: [31mInvalid data[39m
[19 Sep, 2024 - 19:00:28:028] [31merror[39m: [31mInvalid data[39m
[19 Sep, 2024 - 19:01:33:133] [31merror[39m: [31mExpected double-quoted property name in JSON at position 112 (line 5 column 1)[39m
[19 Sep, 2024 - 19:02:13:213] [31merror[39m: [31mUser with email or username already exists[39m
[19 Sep, 2024 - 19:05:58:558] [31merror[39m: [31mUser with email or username already exists[39m
[19 Sep, 2024 - 19:05:58:558] [34minfo[39m: [34m::1 POST /api/v1/users/signup 409 101 - 307.110 ms - PostmanRuntime/7.42.0[39m
[19 Sep, 2024 - 19:06:03:63] [31merror[39m: [31mUser with email or username already exists[39m
[19 Sep, 2024 - 19:06:03:63] [34minfo[39m: [34m::1 POST /api/v1/users/signup 409 101 - 14.018 ms - PostmanRuntime/7.42.0[39m
[19 Sep, 2024 - 19:06:07:67] [34minfo[39m: [34m::1 POST /api/v1/users/signup 201 257 - 92.004 ms - PostmanRuntime/7.42.0[39m
[19 Sep, 2024 - 19:09:32:932] [31merror[39m: [31mUser with email or username already exists[39m
[19 Sep, 2024 - 19:09:32:932] [35mhttp[39m: [35m::1 POST /api/v1/users/signup 409 393 - 101.946 ms - PostmanRuntime/7.42.0[39m
[19 Sep, 2024 - 21:05:27:527] [35mhttp[39m: [35m::1 POST /api/v1/users/login 200 755 - 209.674 ms - PostmanRuntime/7.42.0[39m
[19 Sep, 2024 - 21:05:44:544] [35mhttp[39m: [35m::1 POST /api/v1/users/login 200 755 - 110.764 ms - PostmanRuntime/7.42.0[39m
[19 Sep, 2024 - 21:05:58:558] [31merror[39m: [31mInvalid data[39m
[19 Sep, 2024 - 21:05:58:558] [35mhttp[39m: [35m::1 POST /api/v1/users/login 400 1614 - 9.231 ms - PostmanRuntime/7.42.0[39m
[19 Sep, 2024 - 21:06:34:634] [35mhttp[39m: [35m::1 POST /api/v1/users/login 200 755 - 107.878 ms - PostmanRuntime/7.42.0[39m
[19 Sep, 2024 - 22:13:28:1328] [31merror[39m: [31mUnauthorized request[39m
[19 Sep, 2024 - 22:13:28:1328] [35mhttp[39m: [35m::1 GET /api/v1/product/test 401 1110 - 18.985 ms - PostmanRuntime/7.42.0[39m
[19 Sep, 2024 - 22:14:57:1457] [35mhttp[39m: [35m::1 POST /api/v1/users/login 200 755 - 354.126 ms - PostmanRuntime/7.42.0[39m
[19 Sep, 2024 - 22:15:03:153] [31merror[39m: [31mUnauthorized request[39m
[19 Sep, 2024 - 22:15:03:153] [35mhttp[39m: [35m::1 GET /api/v1/product/test 401 1110 - 3.803 ms - PostmanRuntime/7.42.0[39m
[19 Sep, 2024 - 22:18:52:1852] [31merror[39m: [31mUnauthorized request[39m
[19 Sep, 2024 - 22:18:52:1852] [35mhttp[39m: [35m::1 GET /api/v1/product/test 401 1110 - 61.664 ms - PostmanRuntime/7.42.0[39m
[19 Sep, 2024 - 22:19:22:1922] [35mhttp[39m: [35m::1 POST /api/v1/users/login 200 755 - 315.444 ms - PostmanRuntime/7.42.0[39m
[19 Sep, 2024 - 22:19:27:1927] [31merror[39m: [31mUnauthorized request[39m
[19 Sep, 2024 - 22:19:27:1927] [35mhttp[39m: [35m::1 GET /api/v1/product/test 401 1110 - 14.889 ms - PostmanRuntime/7.42.0[39m
[19 Sep, 2024 - 22:20:15:2015] [31merror[39m: [31mUnauthorized request[39m
[19 Sep, 2024 - 22:20:15:2015] [35mhttp[39m: [35m::1 GET /api/v1/product/test 401 1110 - 8.954 ms - PostmanRuntime/7.42.0[39m
[19 Sep, 2024 - 22:20:19:2019] [35mhttp[39m: [35m::1 POST /api/v1/users/login 200 755 - 133.511 ms - PostmanRuntime/7.42.0[39m
[19 Sep, 2024 - 22:20:32:2032] [35mhttp[39m: [35m::1 POST /api/v1/users/login 200 755 - 76.871 ms - PostmanRuntime/7.42.0[39m
[19 Sep, 2024 - 22:20:36:2036] [35mhttp[39m: [35m::1 GET /api/v1/product/test 200 4 - 8.788 ms - PostmanRuntime/7.42.0[39m
